The system is: Darwin - 21.3.0 - x86_64
Compiling the C compiler identification source file "CMakeCCompilerId.c" succeeded.
Compiler: /Applications/Xcode.app/Contents/Developer/Toolchains/XcodeDefault.xctoolchain/usr/bin/cc 
Build flags: 
Id flags: -c 

The output was:
0


Compilation of the C compiler identification source "CMakeCCompilerId.c" produced "CMakeCCompilerId.o"

The C compiler identification is AppleClang, found in "/Users/zacharylineman/Developer/GitHub/Hephaestus/Olympus/cmake-build-debug/CMakeFiles/3.21.1/CompilerIdC/CMakeCCompilerId.o"

Compiling the CXX compiler identification source file "CMakeCXXCompilerId.cpp" succeeded.
Compiler: /Applications/Xcode.app/Contents/Developer/Toolchains/XcodeDefault.xctoolchain/usr/bin/c++ 
Build flags: 
Id flags: -c 

The output was:
0


Compilation of the CXX compiler identification source "CMakeCXXCompilerId.cpp" produced "CMakeCXXCompilerId.o"

The CXX compiler identification is AppleClang, found in "/Users/zacharylineman/Developer/GitHub/Hephaestus/Olympus/cmake-build-debug/CMakeFiles/3.21.1/CompilerIdCXX/CMakeCXXCompilerId.o"

Detecting C compiler ABI info compiled with the following output:
Change Dir: /Users/zacharylineman/Developer/GitHub/Hephaestus/Olympus/cmake-build-debug/CMakeFiles/CMakeTmp

Run Build Command(s):/Users/zacharylineman/Library/Application Support/JetBrains/Toolbox/apps/CLion/ch-0/213.7172.20/CLion.app/Contents/bin/ninja/mac/ninja cmTC_66424 && [1/2] Building C object CMakeFiles/cmTC_66424.dir/CMakeCCompilerABI.c.o
Apple clang version 13.1.6 (clang-1316.0.21.2)
Target: x86_64-apple-darwin21.3.0
Thread model: posix
InstalledDir: /Applications/Xcode.app/Contents/Developer/Toolchains/XcodeDefault.xctoolchain/usr/bin
clang: warning: -Wl,-v: 'linker' input unused [-Wunused-command-line-argument]
 "/Applications/Xcode.app/Contents/Developer/Toolchains/XcodeDefault.xctoolchain/usr/bin/clang" -cc1 -triple x86_64-apple-macosx12.2.0 -Wundef-prefix=TARGET_OS_ -Wdeprecated-objc-isa-usage -Werror=deprecated-objc-isa-usage -Werror=implicit-function-declaration -emit-obj -mrelax-all --mrelax-relocations -disable-free -disable-llvm-verifier -discard-value-names -main-file-name CMakeCCompilerABI.c -mrelocation-model pic -pic-level 2 -mframe-pointer=all -fno-strict-return -fno-rounding-math -munwind-tables -target-sdk-version=12.3 -fvisibility-inlines-hidden-static-local-var -target-cpu penryn -tune-cpu generic -debugger-tuning=lldb -target-linker-version 762 -v -resource-dir /Applications/Xcode.app/Contents/Developer/Toolchains/XcodeDefault.xctoolchain/usr/lib/clang/13.1.6 -dependency-file CMakeFiles/cmTC_66424.dir/CMakeCCompilerABI.c.o.d -skip-unused-modulemap-deps -MT CMakeFiles/cmTC_66424.dir/CMakeCCompilerABI.c.o -sys-header-deps -isysroot /Applications/Xcode.app/Contents/Developer/Platforms/MacOSX.platform/Developer/SDKs/MacOSX12.3.sdk -internal-isystem /Applications/Xcode.app/Contents/Developer/Platforms/MacOSX.platform/Developer/SDKs/MacOSX12.3.sdk/usr/local/include -internal-isystem /Applications/Xcode.app/Contents/Developer/Toolchains/XcodeDefault.xctoolchain/usr/lib/clang/13.1.6/include -internal-externc-isystem /Applications/Xcode.app/Contents/Developer/Platforms/MacOSX.platform/Developer/SDKs/MacOSX12.3.sdk/usr/include -internal-externc-isystem /Applications/Xcode.app/Contents/Developer/Toolchains/XcodeDefault.xctoolchain/usr/include -Wno-reorder-init-list -Wno-implicit-int-float-conversion -Wno-c99-designator -Wno-final-dtor-non-final-class -Wno-extra-semi-stmt -Wno-misleading-indentation -Wno-quoted-include-in-framework-header -Wno-implicit-fallthrough -Wno-enum-enum-conversion -Wno-enum-float-conversion -Wno-elaborated-enum-base -Wno-reserved-identifier -Wno-gnu-folding-constant -Wno-objc-load-method -fdebug-compilation-dir=/Users/zacharylineman/Developer/GitHub/Hephaestus/Olympus/cmake-build-debug/CMakeFiles/CMakeTmp -ferror-limit 19 -stack-protector 1 -fstack-check -mdarwin-stkchk-strong-link -fblocks -fencode-extended-block-signature -fregister-global-dtors-with-atexit -fgnuc-version=4.2.1 -fmax-type-align=16 -fcommon -clang-vendor-feature=+messageToSelfInClassMethodIdReturnType -clang-vendor-feature=+disableInferNewAvailabilityFromInit -clang-vendor-feature=+disableNonDependentMemberExprInCurrentInstantiation -fno-odr-hash-protocols -clang-vendor-feature=+enableAggressiveVLAFolding -clang-vendor-feature=+revert09abecef7bbf -clang-vendor-feature=+thisNoAlignAttr -clang-vendor-feature=+thisNoNullAttr -mllvm -disable-aligned-alloc-awareness=1 -D__GCC_HAVE_DWARF2_CFI_ASM=1 -o CMakeFiles/cmTC_66424.dir/CMakeCCompilerABI.c.o -x c "/Users/zacharylineman/Library/Application Support/JetBrains/Toolbox/apps/CLion/ch-0/213.7172.20/CLion.app/Contents/bin/cmake/mac/share/cmake-3.21/Modules/CMakeCCompilerABI.c"
clang -cc1 version 13.1.6 (clang-1316.0.21.2) default target x86_64-apple-darwin21.3.0
ignoring nonexistent directory "/Applications/Xcode.app/Contents/Developer/Platforms/MacOSX.platform/Developer/SDKs/MacOSX12.3.sdk/usr/local/include"
ignoring nonexistent directory "/Applications/Xcode.app/Contents/Developer/Platforms/MacOSX.platform/Developer/SDKs/MacOSX12.3.sdk/Library/Frameworks"
#include "..." search starts here:
#include <...> search starts here:
 /Applications/Xcode.app/Contents/Developer/Toolchains/XcodeDefault.xctoolchain/usr/lib/clang/13.1.6/include
 /Applications/Xcode.app/Contents/Developer/Platforms/MacOSX.platform/Developer/SDKs/MacOSX12.3.sdk/usr/include
 /Applications/Xcode.app/Contents/Developer/Toolchains/XcodeDefault.xctoolchain/usr/include
 /Applications/Xcode.app/Contents/Developer/Platforms/MacOSX.platform/Developer/SDKs/MacOSX12.3.sdk/System/Library/Frameworks (framework directory)
End of search list.
[2/2] Linking C executable cmTC_66424
Apple clang version 13.1.6 (clang-1316.0.21.2)
Target: x86_64-apple-darwin21.3.0
Thread model: posix
InstalledDir: /Applications/Xcode.app/Contents/Developer/Toolchains/XcodeDefault.xctoolchain/usr/bin
 "/Applications/Xcode.app/Contents/Developer/Toolchains/XcodeDefault.xctoolchain/usr/bin/ld" -demangle -lto_library /Applications/Xcode.app/Contents/Developer/Toolchains/XcodeDefault.xctoolchain/usr/lib/libLTO.dylib -dynamic -arch x86_64 -platform_version macos 12.2.0 12.3 -syslibroot /Applications/Xcode.app/Contents/Developer/Platforms/MacOSX.platform/Developer/SDKs/MacOSX12.3.sdk -o cmTC_66424 -search_paths_first -headerpad_max_install_names -v CMakeFiles/cmTC_66424.dir/CMakeCCompilerABI.c.o -lSystem /Applications/Xcode.app/Contents/Developer/Toolchains/XcodeDefault.xctoolchain/usr/lib/clang/13.1.6/lib/darwin/libclang_rt.osx.a
@(#)PROGRAM:ld  PROJECT:ld64-762
BUILD 06:28:45 Feb 18 2022
configured to support archs: armv6 armv7 armv7s arm64 arm64e arm64_32 i386 x86_64 x86_64h armv6m armv7k armv7m armv7em
Library search paths:
	/Applications/Xcode.app/Contents/Developer/Platforms/MacOSX.platform/Developer/SDKs/MacOSX12.3.sdk/usr/lib
Framework search paths:
	/Applications/Xcode.app/Contents/Developer/Platforms/MacOSX.platform/Developer/SDKs/MacOSX12.3.sdk/System/Library/Frameworks/



Parsed C implicit include dir info from above output: rv=done
  found start of include info
  found start of implicit include info
    add: [/Applications/Xcode.app/Contents/Developer/Toolchains/XcodeDefault.xctoolchain/usr/lib/clang/13.1.6/include]
    add: [/Applications/Xcode.app/Contents/Developer/Platforms/MacOSX.platform/Developer/SDKs/MacOSX12.3.sdk/usr/include]
    add: [/Applications/Xcode.app/Contents/Developer/Toolchains/XcodeDefault.xctoolchain/usr/include]
  end of search list found
  collapse include dir [/Applications/Xcode.app/Contents/Developer/Toolchains/XcodeDefault.xctoolchain/usr/lib/clang/13.1.6/include] ==> [/Applications/Xcode.app/Contents/Developer/Toolchains/XcodeDefault.xctoolchain/usr/lib/clang/13.1.6/include]
  collapse include dir [/Applications/Xcode.app/Contents/Developer/Platforms/MacOSX.platform/Developer/SDKs/MacOSX12.3.sdk/usr/include] ==> [/Applications/Xcode.app/Contents/Developer/Platforms/MacOSX.platform/Developer/SDKs/MacOSX12.3.sdk/usr/include]
  collapse include dir [/Applications/Xcode.app/Contents/Developer/Toolchains/XcodeDefault.xctoolchain/usr/include] ==> [/Applications/Xcode.app/Contents/Developer/Toolchains/XcodeDefault.xctoolchain/usr/include]
  implicit include dirs: [/Applications/Xcode.app/Contents/Developer/Toolchains/XcodeDefault.xctoolchain/usr/lib/clang/13.1.6/include;/Applications/Xcode.app/Contents/Developer/Platforms/MacOSX.platform/Developer/SDKs/MacOSX12.3.sdk/usr/include;/Applications/Xcode.app/Contents/Developer/Toolchains/XcodeDefault.xctoolchain/usr/include]


Parsed C implicit link information from above output:
  link line regex: [^( *|.*[/\])(ld|CMAKE_LINK_STARTFILE-NOTFOUND|([^/\]+-)?ld|collect2)[^/\]*( |$)]
  ignore line: [Change Dir: /Users/zacharylineman/Developer/GitHub/Hephaestus/Olympus/cmake-build-debug/CMakeFiles/CMakeTmp]
  ignore line: []
  ignore line: [Run Build Command(s):/Users/zacharylineman/Library/Application Support/JetBrains/Toolbox/apps/CLion/ch-0/213.7172.20/CLion.app/Contents/bin/ninja/mac/ninja cmTC_66424 && [1/2] Building C object CMakeFiles/cmTC_66424.dir/CMakeCCompilerABI.c.o]
  ignore line: [Apple clang version 13.1.6 (clang-1316.0.21.2)]
  ignore line: [Target: x86_64-apple-darwin21.3.0]
  ignore line: [Thread model: posix]
  ignore line: [InstalledDir: /Applications/Xcode.app/Contents/Developer/Toolchains/XcodeDefault.xctoolchain/usr/bin]
  ignore line: [clang: warning: -Wl -v: 'linker' input unused [-Wunused-command-line-argument]]
  ignore line: [ "/Applications/Xcode.app/Contents/Developer/Toolchains/XcodeDefault.xctoolchain/usr/bin/clang" -cc1 -triple x86_64-apple-macosx12.2.0 -Wundef-prefix=TARGET_OS_ -Wdeprecated-objc-isa-usage -Werror=deprecated-objc-isa-usage -Werror=implicit-function-declaration -emit-obj -mrelax-all --mrelax-relocations -disable-free -disable-llvm-verifier -discard-value-names -main-file-name CMakeCCompilerABI.c -mrelocation-model pic -pic-level 2 -mframe-pointer=all -fno-strict-return -fno-rounding-math -munwind-tables -target-sdk-version=12.3 -fvisibility-inlines-hidden-static-local-var -target-cpu penryn -tune-cpu generic -debugger-tuning=lldb -target-linker-version 762 -v -resource-dir /Applications/Xcode.app/Contents/Developer/Toolchains/XcodeDefault.xctoolchain/usr/lib/clang/13.1.6 -dependency-file CMakeFiles/cmTC_66424.dir/CMakeCCompilerABI.c.o.d -skip-unused-modulemap-deps -MT CMakeFiles/cmTC_66424.dir/CMakeCCompilerABI.c.o -sys-header-deps -isysroot /Applications/Xcode.app/Contents/Developer/Platforms/MacOSX.platform/Developer/SDKs/MacOSX12.3.sdk -internal-isystem /Applications/Xcode.app/Contents/Developer/Platforms/MacOSX.platform/Developer/SDKs/MacOSX12.3.sdk/usr/local/include -internal-isystem /Applications/Xcode.app/Contents/Developer/Toolchains/XcodeDefault.xctoolchain/usr/lib/clang/13.1.6/include -internal-externc-isystem /Applications/Xcode.app/Contents/Developer/Platforms/MacOSX.platform/Developer/SDKs/MacOSX12.3.sdk/usr/include -internal-externc-isystem /Applications/Xcode.app/Contents/Developer/Toolchains/XcodeDefault.xctoolchain/usr/include -Wno-reorder-init-list -Wno-implicit-int-float-conversion -Wno-c99-designator -Wno-final-dtor-non-final-class -Wno-extra-semi-stmt -Wno-misleading-indentation -Wno-quoted-include-in-framework-header -Wno-implicit-fallthrough -Wno-enum-enum-conversion -Wno-enum-float-conversion -Wno-elaborated-enum-base -Wno-reserved-identifier -Wno-gnu-folding-constant -Wno-objc-load-method -fdebug-compilation-dir=/Users/zacharylineman/Developer/GitHub/Hephaestus/Olympus/cmake-build-debug/CMakeFiles/CMakeTmp -ferror-limit 19 -stack-protector 1 -fstack-check -mdarwin-stkchk-strong-link -fblocks -fencode-extended-block-signature -fregister-global-dtors-with-atexit -fgnuc-version=4.2.1 -fmax-type-align=16 -fcommon -clang-vendor-feature=+messageToSelfInClassMethodIdReturnType -clang-vendor-feature=+disableInferNewAvailabilityFromInit -clang-vendor-feature=+disableNonDependentMemberExprInCurrentInstantiation -fno-odr-hash-protocols -clang-vendor-feature=+enableAggressiveVLAFolding -clang-vendor-feature=+revert09abecef7bbf -clang-vendor-feature=+thisNoAlignAttr -clang-vendor-feature=+thisNoNullAttr -mllvm -disable-aligned-alloc-awareness=1 -D__GCC_HAVE_DWARF2_CFI_ASM=1 -o CMakeFiles/cmTC_66424.dir/CMakeCCompilerABI.c.o -x c "/Users/zacharylineman/Library/Application Support/JetBrains/Toolbox/apps/CLion/ch-0/213.7172.20/CLion.app/Contents/bin/cmake/mac/share/cmake-3.21/Modules/CMakeCCompilerABI.c"]
  ignore line: [clang -cc1 version 13.1.6 (clang-1316.0.21.2) default target x86_64-apple-darwin21.3.0]
  ignore line: [ignoring nonexistent directory "/Applications/Xcode.app/Contents/Developer/Platforms/MacOSX.platform/Developer/SDKs/MacOSX12.3.sdk/usr/local/include"]
  ignore line: [ignoring nonexistent directory "/Applications/Xcode.app/Contents/Developer/Platforms/MacOSX.platform/Developer/SDKs/MacOSX12.3.sdk/Library/Frameworks"]
  ignore line: [#include "..." search starts here:]
  ignore line: [#include <...> search starts here:]
  ignore line: [ /Applications/Xcode.app/Contents/Developer/Toolchains/XcodeDefault.xctoolchain/usr/lib/clang/13.1.6/include]
  ignore line: [ /Applications/Xcode.app/Contents/Developer/Platforms/MacOSX.platform/Developer/SDKs/MacOSX12.3.sdk/usr/include]
  ignore line: [ /Applications/Xcode.app/Contents/Developer/Toolchains/XcodeDefault.xctoolchain/usr/include]
  ignore line: [ /Applications/Xcode.app/Contents/Developer/Platforms/MacOSX.platform/Developer/SDKs/MacOSX12.3.sdk/System/Library/Frameworks (framework directory)]
  ignore line: [End of search list.]
  ignore line: [[2/2] Linking C executable cmTC_66424]
  ignore line: [Apple clang version 13.1.6 (clang-1316.0.21.2)]
  ignore line: [Target: x86_64-apple-darwin21.3.0]
  ignore line: [Thread model: posix]
  ignore line: [InstalledDir: /Applications/Xcode.app/Contents/Developer/Toolchains/XcodeDefault.xctoolchain/usr/bin]
  link line: [ "/Applications/Xcode.app/Contents/Developer/Toolchains/XcodeDefault.xctoolchain/usr/bin/ld" -demangle -lto_library /Applications/Xcode.app/Contents/Developer/Toolchains/XcodeDefault.xctoolchain/usr/lib/libLTO.dylib -dynamic -arch x86_64 -platform_version macos 12.2.0 12.3 -syslibroot /Applications/Xcode.app/Contents/Developer/Platforms/MacOSX.platform/Developer/SDKs/MacOSX12.3.sdk -o cmTC_66424 -search_paths_first -headerpad_max_install_names -v CMakeFiles/cmTC_66424.dir/CMakeCCompilerABI.c.o -lSystem /Applications/Xcode.app/Contents/Developer/Toolchains/XcodeDefault.xctoolchain/usr/lib/clang/13.1.6/lib/darwin/libclang_rt.osx.a]
    arg [/Applications/Xcode.app/Contents/Developer/Toolchains/XcodeDefault.xctoolchain/usr/bin/ld] ==> ignore
    arg [-demangle] ==> ignore
    arg [-lto_library] ==> ignore, skip following value
    arg [/Applications/Xcode.app/Contents/Developer/Toolchains/XcodeDefault.xctoolchain/usr/lib/libLTO.dylib] ==> skip value of -lto_library
    arg [-dynamic] ==> ignore
    arg [-arch] ==> ignore
    arg [x86_64] ==> ignore
    arg [-platform_version] ==> ignore
    arg [macos] ==> ignore
    arg [12.2.0] ==> ignore
    arg [12.3] ==> ignore
    arg [-syslibroot] ==> ignore
    arg [/Applications/Xcode.app/Contents/Developer/Platforms/MacOSX.platform/Developer/SDKs/MacOSX12.3.sdk] ==> ignore
    arg [-o] ==> ignore
    arg [cmTC_66424] ==> ignore
    arg [-search_paths_first] ==> ignore
    arg [-headerpad_max_install_names] ==> ignore
    arg [-v] ==> ignore
    arg [CMakeFiles/cmTC_66424.dir/CMakeCCompilerABI.c.o] ==> ignore
    arg [-lSystem] ==> lib [System]
    arg [/Applications/Xcode.app/Contents/Developer/Toolchains/XcodeDefault.xctoolchain/usr/lib/clang/13.1.6/lib/darwin/libclang_rt.osx.a] ==> lib [/Applications/Xcode.app/Contents/Developer/Toolchains/XcodeDefault.xctoolchain/usr/lib/clang/13.1.6/lib/darwin/libclang_rt.osx.a]
  Library search paths: [;/Applications/Xcode.app/Contents/Developer/Platforms/MacOSX.platform/Developer/SDKs/MacOSX12.3.sdk/usr/lib]
  Framework search paths: [;/Applications/Xcode.app/Contents/Developer/Platforms/MacOSX.platform/Developer/SDKs/MacOSX12.3.sdk/System/Library/Frameworks/]
  remove lib [System]
  remove lib [/Applications/Xcode.app/Contents/Developer/Toolchains/XcodeDefault.xctoolchain/usr/lib/clang/13.1.6/lib/darwin/libclang_rt.osx.a]
  collapse library dir [/Applications/Xcode.app/Contents/Developer/Platforms/MacOSX.platform/Developer/SDKs/MacOSX12.3.sdk/usr/lib] ==> [/Applications/Xcode.app/Contents/Developer/Platforms/MacOSX.platform/Developer/SDKs/MacOSX12.3.sdk/usr/lib]
  collapse framework dir [/Applications/Xcode.app/Contents/Developer/Platforms/MacOSX.platform/Developer/SDKs/MacOSX12.3.sdk/System/Library/Frameworks/] ==> [/Applications/Xcode.app/Contents/Developer/Platforms/MacOSX.platform/Developer/SDKs/MacOSX12.3.sdk/System/Library/Frameworks]
  implicit libs: []
  implicit objs: []
  implicit dirs: [/Applications/Xcode.app/Contents/Developer/Platforms/MacOSX.platform/Developer/SDKs/MacOSX12.3.sdk/usr/lib]
  implicit fwks: [/Applications/Xcode.app/Contents/Developer/Platforms/MacOSX.platform/Developer/SDKs/MacOSX12.3.sdk/System/Library/Frameworks]


Detecting CXX compiler ABI info compiled with the following output:
Change Dir: /Users/zacharylineman/Developer/GitHub/Hephaestus/Olympus/cmake-build-debug/CMakeFiles/CMakeTmp

Run Build Command(s):/Users/zacharylineman/Library/Application Support/JetBrains/Toolbox/apps/CLion/ch-0/213.7172.20/CLion.app/Contents/bin/ninja/mac/ninja cmTC_15a36 && [1/2] Building CXX object CMakeFiles/cmTC_15a36.dir/CMakeCXXCompilerABI.cpp.o
Apple clang version 13.1.6 (clang-1316.0.21.2)
Target: x86_64-apple-darwin21.3.0
Thread model: posix
InstalledDir: /Applications/Xcode.app/Contents/Developer/Toolchains/XcodeDefault.xctoolchain/usr/bin
clang: warning: -Wl,-v: 'linker' input unused [-Wunused-command-line-argument]
 "/Applications/Xcode.app/Contents/Developer/Toolchains/XcodeDefault.xctoolchain/usr/bin/clang" -cc1 -triple x86_64-apple-macosx12.2.0 -Wundef-prefix=TARGET_OS_ -Wdeprecated-objc-isa-usage -Werror=deprecated-objc-isa-usage -Werror=implicit-function-declaration -emit-obj -mrelax-all --mrelax-relocations -disable-free -disable-llvm-verifier -discard-value-names -main-file-name CMakeCXXCompilerABI.cpp -mrelocation-model pic -pic-level 2 -mframe-pointer=all -fno-strict-return -fno-rounding-math -munwind-tables -target-sdk-version=12.3 -fvisibility-inlines-hidden-static-local-var -target-cpu penryn -tune-cpu generic -debugger-tuning=lldb -target-linker-version 762 -v -resource-dir /Applications/Xcode.app/Contents/Developer/Toolchains/XcodeDefault.xctoolchain/usr/lib/clang/13.1.6 -dependency-file CMakeFiles/cmTC_15a36.dir/CMakeCXXCompilerABI.cpp.o.d -skip-unused-modulemap-deps -MT CMakeFiles/cmTC_15a36.dir/CMakeCXXCompilerABI.cpp.o -sys-header-deps -isysroot /Applications/Xcode.app/Contents/Developer/Platforms/MacOSX.platform/Developer/SDKs/MacOSX12.3.sdk -stdlib=libc++ -internal-isystem /Applications/Xcode.app/Contents/Developer/Platforms/MacOSX.platform/Developer/SDKs/MacOSX12.3.sdk/usr/include/c++/v1 -internal-isystem /Applications/Xcode.app/Contents/Developer/Platforms/MacOSX.platform/Developer/SDKs/MacOSX12.3.sdk/usr/local/include -internal-isystem /Applications/Xcode.app/Contents/Developer/Toolchains/XcodeDefault.xctoolchain/usr/lib/clang/13.1.6/include -internal-externc-isystem /Applications/Xcode.app/Contents/Developer/Platforms/MacOSX.platform/Developer/SDKs/MacOSX12.3.sdk/usr/include -internal-externc-isystem /Applications/Xcode.app/Contents/Developer/Toolchains/XcodeDefault.xctoolchain/usr/include -Wno-reorder-init-list -Wno-implicit-int-float-conversion -Wno-c99-designator -Wno-final-dtor-non-final-class -Wno-extra-semi-stmt -Wno-misleading-indentation -Wno-quoted-include-in-framework-header -Wno-implicit-fallthrough -Wno-enum-enum-conversion -Wno-enum-float-conversion -Wno-elaborated-enum-base -Wno-reserved-identifier -Wno-gnu-folding-constant -Wno-objc-load-method -fdeprecated-macro -fdebug-compilation-dir=/Users/zacharylineman/Developer/GitHub/Hephaestus/Olympus/cmake-build-debug/CMakeFiles/CMakeTmp -ferror-limit 19 -stack-protector 1 -fstack-check -mdarwin-stkchk-strong-link -fblocks -fencode-extended-block-signature -fregister-global-dtors-with-atexit -fgnuc-version=4.2.1 -fno-cxx-modules -fcxx-exceptions -fexceptions -fmax-type-align=16 -fcommon -clang-vendor-feature=+messageToSelfInClassMethodIdReturnType -clang-vendor-feature=+disableInferNewAvailabilityFromInit -clang-vendor-feature=+disableNonDependentMemberExprInCurrentInstantiation -fno-odr-hash-protocols -clang-vendor-feature=+enableAggressiveVLAFolding -clang-vendor-feature=+revert09abecef7bbf -clang-vendor-feature=+thisNoAlignAttr -clang-vendor-feature=+thisNoNullAttr -mllvm -disable-aligned-alloc-awareness=1 -D__GCC_HAVE_DWARF2_CFI_ASM=1 -o CMakeFiles/cmTC_15a36.dir/CMakeCXXCompilerABI.cpp.o -x c++ "/Users/zacharylineman/Library/Application Support/JetBrains/Toolbox/apps/CLion/ch-0/213.7172.20/CLion.app/Contents/bin/cmake/mac/share/cmake-3.21/Modules/CMakeCXXCompilerABI.cpp"
clang -cc1 version 13.1.6 (clang-1316.0.21.2) default target x86_64-apple-darwin21.3.0
ignoring nonexistent directory "/Applications/Xcode.app/Contents/Developer/Platforms/MacOSX.platform/Developer/SDKs/MacOSX12.3.sdk/usr/local/include"
ignoring nonexistent directory "/Applications/Xcode.app/Contents/Developer/Platforms/MacOSX.platform/Developer/SDKs/MacOSX12.3.sdk/Library/Frameworks"
#include "..." search starts here:
#include <...> search starts here:
 /Applications/Xcode.app/Contents/Developer/Platforms/MacOSX.platform/Developer/SDKs/MacOSX12.3.sdk/usr/include/c++/v1
 /Applications/Xcode.app/Contents/Developer/Toolchains/XcodeDefault.xctoolchain/usr/lib/clang/13.1.6/include
 /Applications/Xcode.app/Contents/Developer/Platforms/MacOSX.platform/Developer/SDKs/MacOSX12.3.sdk/usr/include
 /Applications/Xcode.app/Contents/Developer/Toolchains/XcodeDefault.xctoolchain/usr/include
 /Applications/Xcode.app/Contents/Developer/Platforms/MacOSX.platform/Developer/SDKs/MacOSX12.3.sdk/System/Library/Frameworks (framework directory)
End of search list.
[2/2] Linking CXX executable cmTC_15a36
Apple clang version 13.1.6 (clang-1316.0.21.2)
Target: x86_64-apple-darwin21.3.0
Thread model: posix
InstalledDir: /Applications/Xcode.app/Contents/Developer/Toolchains/XcodeDefault.xctoolchain/usr/bin
 "/Applications/Xcode.app/Contents/Developer/Toolchains/XcodeDefault.xctoolchain/usr/bin/ld" -demangle -lto_library /Applications/Xcode.app/Contents/Developer/Toolchains/XcodeDefault.xctoolchain/usr/lib/libLTO.dylib -dynamic -arch x86_64 -platform_version macos 12.2.0 12.3 -syslibroot /Applications/Xcode.app/Contents/Developer/Platforms/MacOSX.platform/Developer/SDKs/MacOSX12.3.sdk -o cmTC_15a36 -search_paths_first -headerpad_max_install_names -v CMakeFiles/cmTC_15a36.dir/CMakeCXXCompilerABI.cpp.o -lc++ -lSystem /Applications/Xcode.app/Contents/Developer/Toolchains/XcodeDefault.xctoolchain/usr/lib/clang/13.1.6/lib/darwin/libclang_rt.osx.a
@(#)PROGRAM:ld  PROJECT:ld64-762
BUILD 06:28:45 Feb 18 2022
configured to support archs: armv6 armv7 armv7s arm64 arm64e arm64_32 i386 x86_64 x86_64h armv6m armv7k armv7m armv7em
Library search paths:
	/Applications/Xcode.app/Contents/Developer/Platforms/MacOSX.platform/Developer/SDKs/MacOSX12.3.sdk/usr/lib
Framework search paths:
	/Applications/Xcode.app/Contents/Developer/Platforms/MacOSX.platform/Developer/SDKs/MacOSX12.3.sdk/System/Library/Frameworks/



Parsed CXX implicit include dir info from above output: rv=done
  found start of include info
  found start of implicit include info
    add: [/Applications/Xcode.app/Contents/Developer/Platforms/MacOSX.platform/Developer/SDKs/MacOSX12.3.sdk/usr/include/c++/v1]
    add: [/Applications/Xcode.app/Contents/Developer/Toolchains/XcodeDefault.xctoolchain/usr/lib/clang/13.1.6/include]
    add: [/Applications/Xcode.app/Contents/Developer/Platforms/MacOSX.platform/Developer/SDKs/MacOSX12.3.sdk/usr/include]
    add: [/Applications/Xcode.app/Contents/Developer/Toolchains/XcodeDefault.xctoolchain/usr/include]
  end of search list found
  collapse include dir [/Applications/Xcode.app/Contents/Developer/Platforms/MacOSX.platform/Developer/SDKs/MacOSX12.3.sdk/usr/include/c++/v1] ==> [/Applications/Xcode.app/Contents/Developer/Platforms/MacOSX.platform/Developer/SDKs/MacOSX12.3.sdk/usr/include/c++/v1]
  collapse include dir [/Applications/Xcode.app/Contents/Developer/Toolchains/XcodeDefault.xctoolchain/usr/lib/clang/13.1.6/include] ==> [/Applications/Xcode.app/Contents/Developer/Toolchains/XcodeDefault.xctoolchain/usr/lib/clang/13.1.6/include]
  collapse include dir [/Applications/Xcode.app/Contents/Developer/Platforms/MacOSX.platform/Developer/SDKs/MacOSX12.3.sdk/usr/include] ==> [/Applications/Xcode.app/Contents/Developer/Platforms/MacOSX.platform/Developer/SDKs/MacOSX12.3.sdk/usr/include]
  collapse include dir [/Applications/Xcode.app/Contents/Developer/Toolchains/XcodeDefault.xctoolchain/usr/include] ==> [/Applications/Xcode.app/Contents/Developer/Toolchains/XcodeDefault.xctoolchain/usr/include]
  implicit include dirs: [/Applications/Xcode.app/Contents/Developer/Platforms/MacOSX.platform/Developer/SDKs/MacOSX12.3.sdk/usr/include/c++/v1;/Applications/Xcode.app/Contents/Developer/Toolchains/XcodeDefault.xctoolchain/usr/lib/clang/13.1.6/include;/Applications/Xcode.app/Contents/Developer/Platforms/MacOSX.platform/Developer/SDKs/MacOSX12.3.sdk/usr/include;/Applications/Xcode.app/Contents/Developer/Toolchains/XcodeDefault.xctoolchain/usr/include]


Parsed CXX implicit link information from above output:
  link line regex: [^( *|.*[/\])(ld|CMAKE_LINK_STARTFILE-NOTFOUND|([^/\]+-)?ld|collect2)[^/\]*( |$)]
  ignore line: [Change Dir: /Users/zacharylineman/Developer/GitHub/Hephaestus/Olympus/cmake-build-debug/CMakeFiles/CMakeTmp]
  ignore line: []
  ignore line: [Run Build Command(s):/Users/zacharylineman/Library/Application Support/JetBrains/Toolbox/apps/CLion/ch-0/213.7172.20/CLion.app/Contents/bin/ninja/mac/ninja cmTC_15a36 && [1/2] Building CXX object CMakeFiles/cmTC_15a36.dir/CMakeCXXCompilerABI.cpp.o]
  ignore line: [Apple clang version 13.1.6 (clang-1316.0.21.2)]
  ignore line: [Target: x86_64-apple-darwin21.3.0]
  ignore line: [Thread model: posix]
  ignore line: [InstalledDir: /Applications/Xcode.app/Contents/Developer/Toolchains/XcodeDefault.xctoolchain/usr/bin]
  ignore line: [clang: warning: -Wl -v: 'linker' input unused [-Wunused-command-line-argument]]
  ignore line: [ "/Applications/Xcode.app/Contents/Developer/Toolchains/XcodeDefault.xctoolchain/usr/bin/clang" -cc1 -triple x86_64-apple-macosx12.2.0 -Wundef-prefix=TARGET_OS_ -Wdeprecated-objc-isa-usage -Werror=deprecated-objc-isa-usage -Werror=implicit-function-declaration -emit-obj -mrelax-all --mrelax-relocations -disable-free -disable-llvm-verifier -discard-value-names -main-file-name CMakeCXXCompilerABI.cpp -mrelocation-model pic -pic-level 2 -mframe-pointer=all -fno-strict-return -fno-rounding-math -munwind-tables -target-sdk-version=12.3 -fvisibility-inlines-hidden-static-local-var -target-cpu penryn -tune-cpu generic -debugger-tuning=lldb -target-linker-version 762 -v -resource-dir /Applications/Xcode.app/Contents/Developer/Toolchains/XcodeDefault.xctoolchain/usr/lib/clang/13.1.6 -dependency-file CMakeFiles/cmTC_15a36.dir/CMakeCXXCompilerABI.cpp.o.d -skip-unused-modulemap-deps -MT CMakeFiles/cmTC_15a36.dir/CMakeCXXCompilerABI.cpp.o -sys-header-deps -isysroot /Applications/Xcode.app/Contents/Developer/Platforms/MacOSX.platform/Developer/SDKs/MacOSX12.3.sdk -stdlib=libc++ -internal-isystem /Applications/Xcode.app/Contents/Developer/Platforms/MacOSX.platform/Developer/SDKs/MacOSX12.3.sdk/usr/include/c++/v1 -internal-isystem /Applications/Xcode.app/Contents/Developer/Platforms/MacOSX.platform/Developer/SDKs/MacOSX12.3.sdk/usr/local/include -internal-isystem /Applications/Xcode.app/Contents/Developer/Toolchains/XcodeDefault.xctoolchain/usr/lib/clang/13.1.6/include -internal-externc-isystem /Applications/Xcode.app/Contents/Developer/Platforms/MacOSX.platform/Developer/SDKs/MacOSX12.3.sdk/usr/include -internal-externc-isystem /Applications/Xcode.app/Contents/Developer/Toolchains/XcodeDefault.xctoolchain/usr/include -Wno-reorder-init-list -Wno-implicit-int-float-conversion -Wno-c99-designator -Wno-final-dtor-non-final-class -Wno-extra-semi-stmt -Wno-misleading-indentation -Wno-quoted-include-in-framework-header -Wno-implicit-fallthrough -Wno-enum-enum-conversion -Wno-enum-float-conversion -Wno-elaborated-enum-base -Wno-reserved-identifier -Wno-gnu-folding-constant -Wno-objc-load-method -fdeprecated-macro -fdebug-compilation-dir=/Users/zacharylineman/Developer/GitHub/Hephaestus/Olympus/cmake-build-debug/CMakeFiles/CMakeTmp -ferror-limit 19 -stack-protector 1 -fstack-check -mdarwin-stkchk-strong-link -fblocks -fencode-extended-block-signature -fregister-global-dtors-with-atexit -fgnuc-version=4.2.1 -fno-cxx-modules -fcxx-exceptions -fexceptions -fmax-type-align=16 -fcommon -clang-vendor-feature=+messageToSelfInClassMethodIdReturnType -clang-vendor-feature=+disableInferNewAvailabilityFromInit -clang-vendor-feature=+disableNonDependentMemberExprInCurrentInstantiation -fno-odr-hash-protocols -clang-vendor-feature=+enableAggressiveVLAFolding -clang-vendor-feature=+revert09abecef7bbf -clang-vendor-feature=+thisNoAlignAttr -clang-vendor-feature=+thisNoNullAttr -mllvm -disable-aligned-alloc-awareness=1 -D__GCC_HAVE_DWARF2_CFI_ASM=1 -o CMakeFiles/cmTC_15a36.dir/CMakeCXXCompilerABI.cpp.o -x c++ "/Users/zacharylineman/Library/Application Support/JetBrains/Toolbox/apps/CLion/ch-0/213.7172.20/CLion.app/Contents/bin/cmake/mac/share/cmake-3.21/Modules/CMakeCXXCompilerABI.cpp"]
  ignore line: [clang -cc1 version 13.1.6 (clang-1316.0.21.2) default target x86_64-apple-darwin21.3.0]
  ignore line: [ignoring nonexistent directory "/Applications/Xcode.app/Contents/Developer/Platforms/MacOSX.platform/Developer/SDKs/MacOSX12.3.sdk/usr/local/include"]
  ignore line: [ignoring nonexistent directory "/Applications/Xcode.app/Contents/Developer/Platforms/MacOSX.platform/Developer/SDKs/MacOSX12.3.sdk/Library/Frameworks"]
  ignore line: [#include "..." search starts here:]
  ignore line: [#include <...> search starts here:]
  ignore line: [ /Applications/Xcode.app/Contents/Developer/Platforms/MacOSX.platform/Developer/SDKs/MacOSX12.3.sdk/usr/include/c++/v1]
  ignore line: [ /Applications/Xcode.app/Contents/Developer/Toolchains/XcodeDefault.xctoolchain/usr/lib/clang/13.1.6/include]
  ignore line: [ /Applications/Xcode.app/Contents/Developer/Platforms/MacOSX.platform/Developer/SDKs/MacOSX12.3.sdk/usr/include]
  ignore line: [ /Applications/Xcode.app/Contents/Developer/Toolchains/XcodeDefault.xctoolchain/usr/include]
  ignore line: [ /Applications/Xcode.app/Contents/Developer/Platforms/MacOSX.platform/Developer/SDKs/MacOSX12.3.sdk/System/Library/Frameworks (framework directory)]
  ignore line: [End of search list.]
  ignore line: [[2/2] Linking CXX executable cmTC_15a36]
  ignore line: [Apple clang version 13.1.6 (clang-1316.0.21.2)]
  ignore line: [Target: x86_64-apple-darwin21.3.0]
  ignore line: [Thread model: posix]
  ignore line: [InstalledDir: /Applications/Xcode.app/Contents/Developer/Toolchains/XcodeDefault.xctoolchain/usr/bin]
  link line: [ "/Applications/Xcode.app/Contents/Developer/Toolchains/XcodeDefault.xctoolchain/usr/bin/ld" -demangle -lto_library /Applications/Xcode.app/Contents/Developer/Toolchains/XcodeDefault.xctoolchain/usr/lib/libLTO.dylib -dynamic -arch x86_64 -platform_version macos 12.2.0 12.3 -syslibroot /Applications/Xcode.app/Contents/Developer/Platforms/MacOSX.platform/Developer/SDKs/MacOSX12.3.sdk -o cmTC_15a36 -search_paths_first -headerpad_max_install_names -v CMakeFiles/cmTC_15a36.dir/CMakeCXXCompilerABI.cpp.o -lc++ -lSystem /Applications/Xcode.app/Contents/Developer/Toolchains/XcodeDefault.xctoolchain/usr/lib/clang/13.1.6/lib/darwin/libclang_rt.osx.a]
    arg [/Applications/Xcode.app/Contents/Developer/Toolchains/XcodeDefault.xctoolchain/usr/bin/ld] ==> ignore
    arg [-demangle] ==> ignore
    arg [-lto_library] ==> ignore, skip following value
    arg [/Applications/Xcode.app/Contents/Developer/Toolchains/XcodeDefault.xctoolchain/usr/lib/libLTO.dylib] ==> skip value of -lto_library
    arg [-dynamic] ==> ignore
    arg [-arch] ==> ignore
    arg [x86_64] ==> ignore
    arg [-platform_version] ==> ignore
    arg [macos] ==> ignore
    arg [12.2.0] ==> ignore
    arg [12.3] ==> ignore
    arg [-syslibroot] ==> ignore
    arg [/Applications/Xcode.app/Contents/Developer/Platforms/MacOSX.platform/Developer/SDKs/MacOSX12.3.sdk] ==> ignore
    arg [-o] ==> ignore
    arg [cmTC_15a36] ==> ignore
    arg [-search_paths_first] ==> ignore
    arg [-headerpad_max_install_names] ==> ignore
    arg [-v] ==> ignore
    arg [CMakeFiles/cmTC_15a36.dir/CMakeCXXCompilerABI.cpp.o] ==> ignore
    arg [-lc++] ==> lib [c++]
    arg [-lSystem] ==> lib [System]
    arg [/Applications/Xcode.app/Contents/Developer/Toolchains/XcodeDefault.xctoolchain/usr/lib/clang/13.1.6/lib/darwin/libclang_rt.osx.a] ==> lib [/Applications/Xcode.app/Contents/Developer/Toolchains/XcodeDefault.xctoolchain/usr/lib/clang/13.1.6/lib/darwin/libclang_rt.osx.a]
  Library search paths: [;/Applications/Xcode.app/Contents/Developer/Platforms/MacOSX.platform/Developer/SDKs/MacOSX12.3.sdk/usr/lib]
  Framework search paths: [;/Applications/Xcode.app/Contents/Developer/Platforms/MacOSX.platform/Developer/SDKs/MacOSX12.3.sdk/System/Library/Frameworks/]
  remove lib [System]
  remove lib [/Applications/Xcode.app/Contents/Developer/Toolchains/XcodeDefault.xctoolchain/usr/lib/clang/13.1.6/lib/darwin/libclang_rt.osx.a]
  collapse library dir [/Applications/Xcode.app/Contents/Developer/Platforms/MacOSX.platform/Developer/SDKs/MacOSX12.3.sdk/usr/lib] ==> [/Applications/Xcode.app/Contents/Developer/Platforms/MacOSX.platform/Developer/SDKs/MacOSX12.3.sdk/usr/lib]
  collapse framework dir [/Applications/Xcode.app/Contents/Developer/Platforms/MacOSX.platform/Developer/SDKs/MacOSX12.3.sdk/System/Library/Frameworks/] ==> [/Applications/Xcode.app/Contents/Developer/Platforms/MacOSX.platform/Developer/SDKs/MacOSX12.3.sdk/System/Library/Frameworks]
  implicit libs: [c++]
  implicit objs: []
  implicit dirs: [/Applications/Xcode.app/Contents/Developer/Platforms/MacOSX.platform/Developer/SDKs/MacOSX12.3.sdk/usr/lib]
  implicit fwks: [/Applications/Xcode.app/Contents/Developer/Platforms/MacOSX.platform/Developer/SDKs/MacOSX12.3.sdk/System/Library/Frameworks]


Determining if the posix_memalign exist passed with the following output:
Change Dir: /Users/zacharylineman/Developer/GitHub/Hephaestus/Olympus/cmake-build-debug/CMakeFiles/CMakeTmp

Run Build Command(s):/Users/zacharylineman/Library/Application Support/JetBrains/Toolbox/apps/CLion/ch-0/213.7172.20/CLion.app/Contents/bin/ninja/mac/ninja cmTC_ec99d && [1/2] Building C object CMakeFiles/cmTC_ec99d.dir/CheckSymbolExists.c.o
[2/2] Linking C executable cmTC_ec99d


File /Users/zacharylineman/Developer/GitHub/Hephaestus/Olympus/cmake-build-debug/CMakeFiles/CMakeTmp/CheckSymbolExists.c:
/* */
#include <stdlib.h>

int main(int argc, char** argv)
{
  (void)argv;
#ifndef posix_memalign
  return ((int*)(&posix_memalign))[argc];
#else
  (void)argc;
  return 0;
#endif
}
Performing C++ SOURCE FILE Test HAVE___RESTRICT succeeded with the following output:
Change Dir: /Users/zacharylineman/Developer/GitHub/Hephaestus/Olympus/cmake-build-debug/CMakeFiles/CMakeTmp

Run Build Command(s):/Users/zacharylineman/Library/Application Support/JetBrains/Toolbox/apps/CLion/ch-0/213.7172.20/CLion.app/Contents/bin/ninja/mac/ninja cmTC_a7e7d && [1/2] Building CXX object CMakeFiles/cmTC_a7e7d.dir/src.cxx.o
[2/2] Linking CXX executable cmTC_a7e7d


Source file was:
int *__restrict foo;
int main() { return 0; }
Performing C SOURCE FILE Test HAVE_FNO_MATH_ERRNO succeeded with the following output:
Change Dir: /Users/zacharylineman/Developer/GitHub/Hephaestus/Olympus/cmake-build-debug/CMakeFiles/CMakeTmp

Run Build Command(s):/Users/zacharylineman/Library/Application Support/JetBrains/Toolbox/apps/CLion/ch-0/213.7172.20/CLion.app/Contents/bin/ninja/mac/ninja cmTC_a1123 && [1/2] Building C object CMakeFiles/cmTC_a1123.dir/src.c.o
[2/2] Linking C executable cmTC_a1123


Source file was:
int main(void) { return 0; }
Performing C SOURCE FILE Test HAVE_GCC_DEFAULT_VISIBILITY succeeded with the following output:
Change Dir: /Users/zacharylineman/Developer/GitHub/Hephaestus/Olympus/cmake-build-debug/CMakeFiles/CMakeTmp

Run Build Command(s):/Users/zacharylineman/Library/Application Support/JetBrains/Toolbox/apps/CLion/ch-0/213.7172.20/CLion.app/Contents/bin/ninja/mac/ninja cmTC_49b72 && [1/2] Building C object CMakeFiles/cmTC_49b72.dir/src.c.o
[2/2] Linking C executable cmTC_49b72


Source file was:
int foo() __attribute__((visibility("default")));
                                 int main() {return 0;}
Performing C SOURCE FILE Test HAVE_VISIBILITY_HIDDEN_SWITCH succeeded with the following output:
Change Dir: /Users/zacharylineman/Developer/GitHub/Hephaestus/Olympus/cmake-build-debug/CMakeFiles/CMakeTmp

Run Build Command(s):/Users/zacharylineman/Library/Application Support/JetBrains/Toolbox/apps/CLion/ch-0/213.7172.20/CLion.app/Contents/bin/ninja/mac/ninja cmTC_27642 && [1/2] Building C object CMakeFiles/cmTC_27642.dir/src.c.o
[2/2] Linking C executable cmTC_27642


Source file was:
int main(void) { return 0; }
Performing C SOURCE FILE Test HAVE_MSSE2_SWITCH succeeded with the following output:
Change Dir: /Users/zacharylineman/Developer/GitHub/Hephaestus/Olympus/cmake-build-debug/CMakeFiles/CMakeTmp

Run Build Command(s):/Users/zacharylineman/Library/Application Support/JetBrains/Toolbox/apps/CLion/ch-0/213.7172.20/CLion.app/Contents/bin/ninja/mac/ninja cmTC_f8461 && [1/2] Building C object CMakeFiles/cmTC_f8461.dir/src.c.o
[2/2] Linking C executable cmTC_f8461


Source file was:
int main(void) { return 0; }
Determining if the include file xmmintrin.h exists passed with the following output:
Change Dir: /Users/zacharylineman/Developer/GitHub/Hephaestus/Olympus/cmake-build-debug/CMakeFiles/CMakeTmp

Run Build Command(s):/Users/zacharylineman/Library/Application Support/JetBrains/Toolbox/apps/CLion/ch-0/213.7172.20/CLion.app/Contents/bin/ninja/mac/ninja cmTC_43d19 && [1/2] Building C object CMakeFiles/cmTC_43d19.dir/CheckIncludeFile.c.o
[2/2] Linking C executable cmTC_43d19



Determining if the include file emmintrin.h exists passed with the following output:
Change Dir: /Users/zacharylineman/Developer/GitHub/Hephaestus/Olympus/cmake-build-debug/CMakeFiles/CMakeTmp

Run Build Command(s):/Users/zacharylineman/Library/Application Support/JetBrains/Toolbox/apps/CLion/ch-0/213.7172.20/CLion.app/Contents/bin/ninja/mac/ninja cmTC_78940 && [1/2] Building C object CMakeFiles/cmTC_78940.dir/CheckIncludeFile.c.o
[2/2] Linking C executable cmTC_78940



Determining if the include file pmmintrin.h exists passed with the following output:
Change Dir: /Users/zacharylineman/Developer/GitHub/Hephaestus/Olympus/cmake-build-debug/CMakeFiles/CMakeTmp

Run Build Command(s):/Users/zacharylineman/Library/Application Support/JetBrains/Toolbox/apps/CLion/ch-0/213.7172.20/CLion.app/Contents/bin/ninja/mac/ninja cmTC_68b01 && [1/2] Building C object CMakeFiles/cmTC_68b01.dir/CheckIncludeFile.c.o
[2/2] Linking C executable cmTC_68b01



Determining if the include file smmintrin.h exists passed with the following output:
Change Dir: /Users/zacharylineman/Developer/GitHub/Hephaestus/Olympus/cmake-build-debug/CMakeFiles/CMakeTmp

Run Build Command(s):/Users/zacharylineman/Library/Application Support/JetBrains/Toolbox/apps/CLion/ch-0/213.7172.20/CLion.app/Contents/bin/ninja/mac/ninja cmTC_33dd3 && [1/2] Building C object CMakeFiles/cmTC_33dd3.dir/CheckIncludeFile.c.o
[2/2] Linking C executable cmTC_33dd3



Performing C SOURCE FILE Test HAVE_SSE_INTRINSICS succeeded with the following output:
Change Dir: /Users/zacharylineman/Developer/GitHub/Hephaestus/Olympus/cmake-build-debug/CMakeFiles/CMakeTmp

Run Build Command(s):/Users/zacharylineman/Library/Application Support/JetBrains/Toolbox/apps/CLion/ch-0/213.7172.20/CLion.app/Contents/bin/ninja/mac/ninja cmTC_87a22 && [1/2] Building C object CMakeFiles/cmTC_87a22.dir/src.c.o
[2/2] Linking C executable cmTC_87a22


Source file was:
#include <emmintrin.h>
        int main() {_mm_pause(); return 0;}
Determining if the include file cpuid.h exists passed with the following output:
Change Dir: /Users/zacharylineman/Developer/GitHub/Hephaestus/Olympus/cmake-build-debug/CMakeFiles/CMakeTmp

Run Build Command(s):/Users/zacharylineman/Library/Application Support/JetBrains/Toolbox/apps/CLion/ch-0/213.7172.20/CLion.app/Contents/bin/ninja/mac/ninja cmTC_5c13d && [1/2] Building C object CMakeFiles/cmTC_5c13d.dir/CheckIncludeFile.c.o
[2/2] Linking C executable cmTC_5c13d



Determining if the function pow exists in the m passed with the following output:
Change Dir: /Users/zacharylineman/Developer/GitHub/Hephaestus/Olympus/cmake-build-debug/CMakeFiles/CMakeTmp

Run Build Command(s):/Users/zacharylineman/Library/Application Support/JetBrains/Toolbox/apps/CLion/ch-0/213.7172.20/CLion.app/Contents/bin/ninja/mac/ninja cmTC_3fdfd && [1/2] Building C object CMakeFiles/cmTC_3fdfd.dir/CheckFunctionExists.c.o
/Users/zacharylineman/Library/Application Support/JetBrains/Toolbox/apps/CLion/ch-0/213.7172.20/CLion.app/Contents/bin/cmake/mac/share/cmake-3.21/Modules/CheckFunctionExists.c:7:3: warning: incompatible redeclaration of library function 'pow' [-Wincompatible-library-redeclaration]
  CHECK_FUNCTION_EXISTS(void);
  ^
<command line>:1:31: note: expanded from here
#define CHECK_FUNCTION_EXISTS pow
                              ^
/Users/zacharylineman/Library/Application Support/JetBrains/Toolbox/apps/CLion/ch-0/213.7172.20/CLion.app/Contents/bin/cmake/mac/share/cmake-3.21/Modules/CheckFunctionExists.c:7:3: note: 'pow' is a builtin with type 'double (double, double)'
<command line>:1:31: note: expanded from here
#define CHECK_FUNCTION_EXISTS pow
                              ^
1 warning generated.
[2/2] Linking C executable cmTC_3fdfd



Determining if the include file dlfcn.h exists passed with the following output:
Change Dir: /Users/zacharylineman/Developer/GitHub/Hephaestus/Olympus/cmake-build-debug/CMakeFiles/CMakeTmp

Run Build Command(s):/Users/zacharylineman/Library/Application Support/JetBrains/Toolbox/apps/CLion/ch-0/213.7172.20/CLion.app/Contents/bin/ninja/mac/ninja cmTC_1dc03 && [1/2] Building C object CMakeFiles/cmTC_1dc03.dir/CheckIncludeFile.c.o
[2/2] Linking C executable cmTC_1dc03



Determining if the function dlopen exists in the dl passed with the following output:
Change Dir: /Users/zacharylineman/Developer/GitHub/Hephaestus/Olympus/cmake-build-debug/CMakeFiles/CMakeTmp

Run Build Command(s):/Users/zacharylineman/Library/Application Support/JetBrains/Toolbox/apps/CLion/ch-0/213.7172.20/CLion.app/Contents/bin/ninja/mac/ninja cmTC_90ef2 && [1/2] Building C object CMakeFiles/cmTC_90ef2.dir/CheckFunctionExists.c.o
[2/2] Linking C executable cmTC_90ef2



Performing C SOURCE FILE Test HAVE_GCC_GET_CPUID succeeded with the following output:
Change Dir: /Users/zacharylineman/Developer/GitHub/Hephaestus/Olympus/cmake-build-debug/CMakeFiles/CMakeTmp

Run Build Command(s):/Users/zacharylineman/Library/Application Support/JetBrains/Toolbox/apps/CLion/ch-0/213.7172.20/CLion.app/Contents/bin/ninja/mac/ninja cmTC_1cc5f && [1/2] Building C object CMakeFiles/cmTC_1cc5f.dir/src.c.o
[2/2] Linking C executable cmTC_1cc5f


Source file was:
#include <cpuid.h>
        int main()
        {
            unsigned int eax, ebx, ecx, edx;
            return __get_cpuid(0, &eax, &ebx, &ecx, &edx);
        }
Determining if the posix_memalign exist passed with the following output:
Change Dir: /Users/zacharylineman/Developer/GitHub/Hephaestus/Olympus/cmake-build-debug/CMakeFiles/CMakeTmp

Run Build Command(s):/Users/zacharylineman/Library/Application Support/JetBrains/Toolbox/apps/CLion/ch-0/213.7172.20/CLion.app/Contents/bin/ninja/mac/ninja cmTC_0980e && [1/2] Building C object CMakeFiles/cmTC_0980e.dir/CheckSymbolExists.c.o
[2/2] Linking C executable cmTC_0980e


File /Users/zacharylineman/Developer/GitHub/Hephaestus/Olympus/cmake-build-debug/CMakeFiles/CMakeTmp/CheckSymbolExists.c:
/* */
#include <stdlib.h>

int main(int argc, char** argv)
{
  (void)argv;
#ifndef posix_memalign
  return ((int*)(&posix_memalign))[argc];
#else
  (void)argc;
  return 0;
#endif
}
Determining if the proc_pidpath exist passed with the following output:
Change Dir: /Users/zacharylineman/Developer/GitHub/Hephaestus/Olympus/cmake-build-debug/CMakeFiles/CMakeTmp

Run Build Command(s):/Users/zacharylineman/Library/Application Support/JetBrains/Toolbox/apps/CLion/ch-0/213.7172.20/CLion.app/Contents/bin/ninja/mac/ninja cmTC_9feae && [1/2] Building C object CMakeFiles/cmTC_9feae.dir/CheckSymbolExists.c.o
[2/2] Linking C executable cmTC_9feae


File /Users/zacharylineman/Developer/GitHub/Hephaestus/Olympus/cmake-build-debug/CMakeFiles/CMakeTmp/CheckSymbolExists.c:
/* */
#include <libproc.h>

int main(int argc, char** argv)
{
  (void)argv;
#ifndef proc_pidpath
  return ((int*)(&proc_pidpath))[argc];
#else
  (void)argc;
  return 0;
#endif
}
Determining if the include file pthread.h exists passed with the following output:
Change Dir: /Users/zacharylineman/Developer/GitHub/Hephaestus/Olympus/cmake-build-debug/CMakeFiles/CMakeTmp

Run Build Command(s):/Users/zacharylineman/Library/Application Support/JetBrains/Toolbox/apps/CLion/ch-0/213.7172.20/CLion.app/Contents/bin/ninja/mac/ninja cmTC_338dd && [1/2] Building C object CMakeFiles/cmTC_338dd.dir/CheckIncludeFile.c.o
[2/2] Linking C executable cmTC_338dd



Performing C SOURCE FILE Test HAVE_PTHREAD succeeded with the following output:
Change Dir: /Users/zacharylineman/Developer/GitHub/Hephaestus/Olympus/cmake-build-debug/CMakeFiles/CMakeTmp

Run Build Command(s):/Users/zacharylineman/Library/Application Support/JetBrains/Toolbox/apps/CLion/ch-0/213.7172.20/CLion.app/Contents/bin/ninja/mac/ninja cmTC_84fdf && [1/2] Building C object CMakeFiles/cmTC_84fdf.dir/src.c.o
[2/2] Linking C executable cmTC_84fdf


Source file was:
int main(void) { return 0; }
Determining if the pthread_setschedparam exist passed with the following output:
Change Dir: /Users/zacharylineman/Developer/GitHub/Hephaestus/Olympus/cmake-build-debug/CMakeFiles/CMakeTmp

Run Build Command(s):/Users/zacharylineman/Library/Application Support/JetBrains/Toolbox/apps/CLion/ch-0/213.7172.20/CLion.app/Contents/bin/ninja/mac/ninja cmTC_0f7ee && [1/2] Building C object CMakeFiles/cmTC_0f7ee.dir/CheckSymbolExists.c.o
[2/2] Linking C executable cmTC_0f7ee


File /Users/zacharylineman/Developer/GitHub/Hephaestus/Olympus/cmake-build-debug/CMakeFiles/CMakeTmp/CheckSymbolExists.c:
/* */
#include <pthread.h>

int main(int argc, char** argv)
{
  (void)argv;
#ifndef pthread_setschedparam
  return ((int*)(&pthread_setschedparam))[argc];
#else
  (void)argc;
  return 0;
#endif
}
Determining if the pthread_setname_np exist passed with the following output:
Change Dir: /Users/zacharylineman/Developer/GitHub/Hephaestus/Olympus/cmake-build-debug/CMakeFiles/CMakeTmp

Run Build Command(s):/Users/zacharylineman/Library/Application Support/JetBrains/Toolbox/apps/CLion/ch-0/213.7172.20/CLion.app/Contents/bin/ninja/mac/ninja cmTC_73b96 && [1/2] Building C object CMakeFiles/cmTC_73b96.dir/CheckSymbolExists.c.o
[2/2] Linking C executable cmTC_73b96


File /Users/zacharylineman/Developer/GitHub/Hephaestus/Olympus/cmake-build-debug/CMakeFiles/CMakeTmp/CheckSymbolExists.c:
/* */
#include <pthread.h>

int main(int argc, char** argv)
{
  (void)argv;
#ifndef pthread_setname_np
  return ((int*)(&pthread_setname_np))[argc];
#else
  (void)argc;
  return 0;
#endif
}
Performing C SOURCE FILE Test PTHREAD_SETNAME_NP_ONE_PARAM succeeded with the following output:
Change Dir: /Users/zacharylineman/Developer/GitHub/Hephaestus/Olympus/cmake-build-debug/CMakeFiles/CMakeTmp

Run Build Command(s):/Users/zacharylineman/Library/Application Support/JetBrains/Toolbox/apps/CLion/ch-0/213.7172.20/CLion.app/Contents/bin/ninja/mac/ninja cmTC_63d4e && [1/2] Building C object CMakeFiles/cmTC_63d4e.dir/src.c.o
[2/2] Linking C executable cmTC_63d4e


Source file was:

#include <pthread.h>
int main()
{
    pthread_setname_np("testname");
    return 0;
}
Determining if the getopt exist passed with the following output:
Change Dir: /Users/zacharylineman/Developer/GitHub/Hephaestus/Olympus/cmake-build-debug/CMakeFiles/CMakeTmp

Run Build Command(s):/Users/zacharylineman/Library/Application Support/JetBrains/Toolbox/apps/CLion/ch-0/213.7172.20/CLion.app/Contents/bin/ninja/mac/ninja cmTC_d7707 && [1/2] Building C object CMakeFiles/cmTC_d7707.dir/CheckSymbolExists.c.o
[2/2] Linking C executable cmTC_d7707


File /Users/zacharylineman/Developer/GitHub/Hephaestus/Olympus/cmake-build-debug/CMakeFiles/CMakeTmp/CheckSymbolExists.c:
/* */
#include <unistd.h>

int main(int argc, char** argv)
{
  (void)argv;
#ifndef getopt
  return ((int*)(&getopt))[argc];
#else
  (void)argc;
  return 0;
#endif
}
